480 [10684] INFO perfrun.launcher <> - Launcher main begin
488 [10684] INFO perfrun.launcher <> - MessageCatalogInit finished
488 [10684] INFO perfrun.launcher <> - Launcher instance created
488 [10684] INFO perfrun.launcher <> - argc = 7; cmdline = C:\Program Files (x86)\IntelSWTools\VTune Profiler 2020\bin64\amplxe-runss.exe --ui-output-format xml --ui-output-fd 1156 --option-file C:\Users\bianca.palade\Desktop\HPC\steganografie\steganografie_vtune\r000hs\config\runsa.options 
543 [10684] INFO perfrun.launcher <> - New signal handler callback was added
562 [10684] INFO perfrun.launcher <> - plugin remoteplug has been added successfully
562 [10684] INFO perfrun.launcher <> - plugin system has been added successfully
562 [10684] INFO perfrun.launcher <> - plugin  has been added successfully
562 [10684] INFO perfrun.launcher <> - plugin itt has been added successfully
562 [10684] INFO perfrun.launcher <> - plugin  has been added successfully
562 [10684] INFO perfrun.launcher <> - plugin gpu has been added successfully
562 [10684] INFO perfrun.launcher <> - plugin etw.kernel has been added successfully
562 [10684] INFO perfrun.launcher <> - plugin etw.dx has been added successfully
563 [10684] INFO perfrun.launcher <> - plugin etw.wsa has been added successfully
563 [10684] INFO perfrun.launcher <> - plugin mrte has been added successfully
563 [10684] INFO perfrun.launcher <> - plugin emon has been added successfully
563 [10684] INFO perfrun.launcher <> - plugin cuscol has been added successfully
563 [10684] INFO perfrun.launcher <> - plugin stdsrc has been added successfully
564 [10684] INFO perfrun.launcher <> - plugin sep has been added successfully
564 [10684] INFO perfrun.launcher <> - plugin vtsspp has been added successfully
564 [10684] INFO perfrun.launcher <> - plugin  has been added successfully
565 [10684] INFO perfrun.launcher <> - plugin aoclprofile has been added successfully
582 [10684] INFO perfrun.launcher <> - plugin tpss has been added successfully
582 [10684] INFO perfrun.launcher <> - plugin exprof has been added successfully
583 [10684] INFO perfrun.launcher <> - plugin  has been added successfully
583 [10684] INFO perfrun.launcher <> - plugin  has been added successfully
583 [10684] INFO perfrun.launcher <> - plugin  has been added successfully
583 [10684] INFO perfrun.launcher <> - plugin  has been added successfully
583 [10684] INFO perfrun.launcher <> - plugin  has been added successfully
583 [10684] INFO perfrun.launcher <> - plugin power has been added successfully
583 [10684] INFO perfrun.launcher <> - plugin hwloc has been added successfully
583 [10684] INFO perfrun.launcher <> - plugin ipmwatch has been added successfully
583 [10684] INFO perfrun.launcher <> - plugin os_counters has been added successfully
586 [10684] INFO perfrun.launcher <> - the option was added --interval: Specify an interval of data collection (for example, sampling) in milliseconds.
586 [10684] INFO perfrun.launcher <> - the option was added --follow-child: Profile process with or without children.
587 [10684] INFO perfrun.launcher <> - the option was added --gelding: BADMSG: perfrun1.launcher.plugin_manager::gelding
587 [10684] INFO perfrun.launcher <> - the option was added --time-source: Specify time source for measurement. Possible values: sys - wall clock time; tsc - time stamp counter; ext - time from an external source; auto - auto select accurate time source.
587 [10684] INFO perfrun.launcher <> - the option was added --stack: Enable or disable collection of stacks.
587 [10684] INFO perfrun.launcher <> - the option was added --stack-stitching: Enable or disable the stack stitching algorithm for Intel TBB-based applications.
587 [10684] INFO perfrun.launcher <> - the option was added --type: Specify type of data to be collected. For example, --type cpu:counters,waiting:nostack,io.
587 [10684] INFO perfrun.launcher <> - the option was added --mrte-mode: Specify Java/.NET/other managed runtime collection mode. Possible values: native - collect information only for native code; managed - collect information only for managed code; mixed - collect information for both managed and native code; auto - choose the mode based on binary type.
587 [10684] INFO perfrun.launcher <> - the option was added --mrte-mode-list: List supported Java/.NET/other managed runtime collection modes.
588 [10684] INFO perfrun.launcher <> - the option was added --mrte-type: Specify which managed runtimes to collect. Possible values: java - collect information for Java; dotnet - collect information for .NET; python - collect information for CPython. You can specify several values separated by comma.
588 [10684] INFO perfrun.launcher <> - the option was added --mrte-type-list: List supported Java/.NET/other managed runtime types.
588 [10684] INFO perfrun.launcher <> - the option was added --trace-strategy: Specify how to profile a process tree. <string> can be "<process>:trace:notrace" - profile the process but do not profile its children. Shorthand parameters: t - trace, nt - notrace. For example, "vtunedemo.exe:t:t".
588 [10684] INFO perfrun.launcher <> - the option was added --collector: BADMSG: perfrun1.launcher.plugin_manager::collector
588 [10684] INFO perfrun.launcher <> - the option was added --system-wide: Enable system-wide profiling. This mode may require additional permissions.
589 [10684] INFO perfrun.launcher <> - the option was added --kvm-guest: Enable KVM guest OS profiling.
589 [10684] INFO perfrun.launcher <> - the option was added --kvm-guest-kallsyms: Specify a local path to the /proc/kallsyms file copied from the guest OS for proper symbol resolution.
589 [10684] INFO perfrun.launcher <> - the option was added --kvm-guest-modules: Specify a local path to the /proc/modules file copied from the guest OS for proper symbol resolution.
589 [10684] INFO perfrun.launcher <> - the option was added --bandwidth-limits: Measure bandwidth limits
589 [10684] INFO perfrun.launcher <> - the option was added --bandwidth-strategy: Bandwidth limits determination specific properties (example: --bandwidth-strategy array-size=0,duration=500).
589 [10684] INFO perfrun.launcher <> - the option was added --bandwidth-config: List of benchmarks to run.
589 [10684] INFO perfrun.launcher <> - the option was added --system-collector-config: Specify subcollectors. Possible values: all, container, device-info, none.
589 [10684] INFO perfrun.launcher <> - the option was added --itt-config: Specify a sub-set of ITT API to collect.
590 [10684] INFO perfrun.launcher <> - the option was added --itt-debug: Set pseudo-breakpoint at ITT API collector's start to enable the debugger to attach early.
590 [10684] INFO perfrun.launcher <> - the option was added --gpu-config: Specify types of GPU data to be collected. Possible values: preset1, preset2.
590 [10684] INFO perfrun.launcher <> - the option was added --gpu-debug: Enable self-testing of the GPGPU profiling collector.
590 [10684] INFO perfrun.launcher <> - the option was added --gpu-counting: Collect GPU data in the counting mode.
590 [10684] INFO perfrun.launcher <> - the option was added --etw-config: Enable advanced collection of GPU data.
590 [10684] INFO perfrun.launcher <> - the option was added --aggregated-counting: Enable aggregated counting mode.
590 [10684] INFO perfrun.launcher <> - the option was added --emon-preset: Specify a preset for EMON collector. For available presets, run: emon -preset-list.
590 [10684] INFO perfrun.launcher <> - the option was added --emon-csv-trace-format: Use CSV format for EMON trace file.
590 [10684] INFO perfrun.launcher <> - the option was added --emon-machine-readable-ver: Write machine readable EMON version file.
591 [10684] INFO perfrun.launcher <> - the option was added --custom-collector: Allows to provide arbitrary command line to be run on collection steps.
591 [10684] INFO perfrun.launcher <> - the option was added --stdsrc-config: Specify Standard Sources category tag(s).
591 [10684] INFO perfrun.launcher <> - the option was added --event-info: BADMSG: perfrun1.stdsrc::event-info
591 [10684] INFO perfrun.launcher <> - the option was added --cpu-list: List supported CPUs.
591 [10684] INFO perfrun.launcher <> - the option was added --target-list: List available targets for performing sampling collection.
591 [10684] INFO perfrun.launcher <> - the option was added --event-value-list: Display event information.
591 [10684] INFO perfrun.launcher <> - the option was added --platform-value-list: Display details of supported platforms.
591 [10684] INFO perfrun.launcher <> - the option was added --uncore-event-list: List uncore events for which a sampling data collection can be performed on this platform.
591 [10684] INFO perfrun.launcher <> - the option was added --modifier-list: Specify the event name <string> for which the modifiers list is requested.
591 [10684] INFO perfrun.launcher <> - the option was added --pmu-list: List supported PMUs.
592 [10684] INFO perfrun.launcher <> - the option was added --os-mode-only: Enable sampling data collection for OS-mode processes only.
592 [10684] INFO perfrun.launcher <> - the option was added --user-mode-only: Enable sampling data collection for user-mode processes only.
592 [10684] INFO perfrun.launcher <> - the option was added --event-config: Perform data collection for the events with <string> configured using the format <event name1>":modifier1=val:modifier2=val/constraint1={:modifier3=val:modifier4=val}...,"<event name2>":... Specify the events(s) to monitor and embed the event names within double quotes("). [:modifier=val] specifies individual event modifiers along with the respective values for a given platform. Note that the modifiers can be generic to an event as well as specific to a constraint (or an event qualifier). The constraint specific special modifiers appear after [/constraint=]. The modifiers can be in decimal or hexadecimal format. Only specific modifiers accept the value as a string. Each event specification is delimited by a comma (,). For a list of supported modifiers and constraints, refer to the documentation.
592 [10684] INFO perfrun.launcher <> - the option was added --chipset-event-config: Perform data collection for the chipset events with <string> configured using the format "<event name1>"...,"<event name2>":... Specify the events(s) to monitor and embed the event names within double quotes(").
592 [10684] INFO perfrun.launcher <> - the option was added --uncore-event-config: Perform uncore data collection in ebc count mode for the events with <string> configured using the format "<event name1>"...,"<event name2>":... Specify the events(s) to monitor and embed the event names within double quotes(").
592 [10684] INFO perfrun.launcher <> - the option was added --count: Enable counting mode.
592 [10684] INFO perfrun.launcher <> - the option was added --count-emon: Enable counting mode and output the data in EMON format.
592 [10684] INFO perfrun.launcher <> - the option was added --event-based-counts: Enable event-based counting mode. During sampling data collection, event counts data is collected for the list of events specified in -event-config option.
592 [10684] INFO perfrun.launcher <> - the option was added --event-mux-tfactor: Specify the event multiplexing tfactor as <integer> to set the length of the interval between interrupts. The larger the tfactor value, the larger the period between interrupts. Currently this option is only available on Intel platforms codenamed Knights Corner.
593 [10684] INFO perfrun.launcher <> - the option was added --uncore-sampling-interval: Specify the uncore sampling interval as <integer>. This value set the uncore sampling interval for all the uncore events specified in -event-config option.
593 [10684] INFO perfrun.launcher <> - the option was added --full-pebs-capture: Capture full pebs information.
593 [10684] INFO perfrun.launcher <> - the option was added --last-branch-records: Capture Last Branch Records information.
593 [10684] INFO perfrun.launcher <> - the option was added --pmu-type: Specify the targeted PMU name as <string>.
593 [10684] INFO perfrun.launcher <> - the option was added --platform-type: Specify the targeted platform number as <number>.
593 [10684] INFO perfrun.launcher <> - the option was added --p-state-trigger: Specify the name of the trigger event for P-state data as <string>. The default trigger is CPU_CLK_UNHALTED.REF_TSC.
593 [10684] INFO perfrun.launcher <> - the option was added --rdt-auto-rmid: Enable automatic Core pinning on RMIDs for RDT monitoring capabilities.
593 [10684] INFO perfrun.launcher <> - the option was added --bts-count: Specify the <integer> number of BTS records collected after each sample or context switch (VTSS++ only).
594 [10684] INFO perfrun.launcher <> - the option was added --cpu-mask: Specify which CPU(s) <string> to collect data on. For example, specify "2-8,10,12-14" to sample only CPUs 2 through 8, 10, and 12 through 14.
594 [10684] INFO perfrun.launcher <> - the option was added --event-mux-alg: Specify the event multiplexing algorithm. Possible values: sequence, timer, trigger.
594 [10684] INFO perfrun.launcher <> - the option was added --event-mux-timeslice: Specify the event multiplexing time slice value as <integer>. The time slice specifies the duration between cycles for each event multiplexing group. The default value is 50 milliseconds. This option is valid only for timer-based event multiplexing. Specify the event multiplexing time slice value as <integer>. The time slice specifies the duration between cycles for each event multiplexing group. The default value is 1 millisecond. This option is valid only for timer-based event multiplexing.
594 [10684] INFO perfrun.launcher <> - the option was added --event-mux-factor: Specify the event multiplexing factor as <integer>. It controls the switching of event multiplexing groups. The default factor is 50. This option is valid only for trigger-based event multiplexing. Specify the event multiplexing factor as <integer>. It controls the switching of event multiplexing groups. The default factor is 1. This option is valid only for trigger-based event multiplexing.
594 [10684] INFO perfrun.launcher <> - the option was added --event-mux-trigger: Specify the name of the trigger event for event multiplexing as <string>. This option is valid only for trigger-based event multiplexing. The default trigger is CPU_CLK_UNHALTED.CORE (or CPU_CLK_UNHALTED.THREAD). BADMSG: perfrun1.vtsspp::event-mux-trigger
594 [10684] INFO perfrun.launcher <> - the option was added --sample-after-multiplier: Specify the sample after multiplier as <double>. This multiplier modifies the sample after value for all the events specified in -event-config option. The values can range from 0.1 to 100.0.
594 [10684] INFO perfrun.launcher <> - the option was added --sys-config: BADMSG: perfrun1.vtsspp::sys-config
594 [10684] INFO perfrun.launcher <> - the option was added --pt-mode: BADMSG: perfrun1.vtsspp::pt-mode
594 [10684] INFO perfrun.launcher <> - the option was added --aocl-profile: Enable profiling and data collection through AOCL profiling tool.
594 [10684] INFO perfrun.launcher <> - the option was added --aocl-source-file: Path to .source file. Find this in the compilation output directory of the FPGA application. Use this option to help attribute performance statistics to the source lines. If unspecified, AOCL profiler will attempt to locate the file in the current directory.
595 [10684] INFO perfrun.launcher <> - the option was added --aocl-binary-aocx-file: Path to .aocx file (OpenCL flow) or host binary (DPC++ flow). If you do not provide this path: 1) For OpenCL flow, AOCL Profiler attempts to locate the file in the working directory. 2) For DPC++ flow, the collector assumes that host binary is used as an application to launch.
595 [10684] INFO perfrun.launcher <> - the option was added --aocl-period: Specifies the number of cycles between readbacks from the device. The default value is 0 and indicates that the profiler should read back data as often as possible.
595 [10684] INFO perfrun.launcher <> - the option was added --aocl-no-temporal: Disables readback during execution and only reads back non-autorun kernels once they finish executing.
595 [10684] INFO perfrun.launcher <> - the option was added --aocl-no-mem-transfers: Disables the recording of memory transfer information.
595 [10684] INFO perfrun.launcher <> - the option was added --stackwalk: Specify stack unwinding method. Possible value: lbr - unwind stacks during collection. Specify stack unwinding method. Possible values: online - unwind stacks during collection; offline - unwind stacks after collection is finished; lbr - enable LBR-based call stack collection. Specify stack unwinding method. Possible values: online - unwind stacks during collection; offline - unwind stacks after collection is finished.
595 [10684] INFO perfrun.launcher <> - the option was added --filter-include: Filter data during collection. Possible values: contended=<on|off> - filter out uncontended events; contended_nostack=<time> - filter out stacks for contended events that take less than <time> microseconds; wait=<time> - ignore transitions and blocks with wait time less than <time> microseconds; wait_nostack=<time> - filter out stacks for waits that take less than <time> microseconds.
595 [10684] INFO perfrun.launcher <> - the option was added --debug-pin: Debug PIN tool and runtime.
595 [10684] INFO perfrun.launcher <> - the option was added --debug-exception: Disallow the application to set own abnormal termination handler.
595 [10684] INFO perfrun.launcher <> - the option was added --trace-type: Specify the trace file granularity. Possible values: per-thread - per-thread trace file generation; per-process - per-process trace file generation.
596 [10684] INFO perfrun.launcher <> - the option was added --instrumentation-type: Specify type of instrumentation.
596 [10684] INFO perfrun.launcher <> - the option was added --guard-pulse-event: Enable handling of PulseEvent API in order not to miss signals made by the API during Hotspots collection.
596 [10684] INFO perfrun.launcher <> - the option was added --memory-strategy: Specify a minimal memory object size to be traced and a hash table size for faster objects search; for example: --memory-strategy obj-size-min=1024,hash-table-size=4096.
596 [10684] INFO perfrun.launcher <> - the option was added --gpu-profiling-type: Specify a type of deep GPU profiling: none, bblatency, memlatency, instcount.
596 [10684] INFO perfrun.launcher <> - the option was added --opencl-trace-mode: Specify OpenCL kernel tracing modes: 'default' to trace OpenCL kernels for Intel Graphics Driver only; 'epoch' for any non-Intel graphics, where OpenCL kernels will be traced and OpenCL profiling API timestamps will be interpreted as Unux Epoch time in nanoseconds; 'completion' to trace OpenCL kernels for any Graphics Driver and bind OpenCL profiling API timestamps to the timestamp of OpenCL completion callback.
596 [10684] INFO perfrun.launcher <> - the option was added --gpu-kernels-to-profile: Specify a comma-separated list of GPU kernel names and invocations to be profiled in the following format: kernel_name[#start_idx#step#stop_idx], where kernel_name is the name of GPU kernel; start_idx is the number of the first invocation; and stop_idx is the number of the last invocation to be profiled.
596 [10684] INFO perfrun.launcher <> - the option was added --exprof-com-list: List available COM ports.
596 [10684] INFO perfrun.launcher <> - the option was added --exprof-dvc-list: List available DvC IDs.
596 [10684] INFO perfrun.launcher <> - the option was added --exprof-trace-channel: BADMSG: perfrun1.exprof::exprof-trace-channel
597 [10684] INFO perfrun.launcher <> - the option was added --exprof-event-config: Specify ExactProfiling Event Classes.
597 [10684] INFO perfrun.launcher <> - the option was added --pwr-config: BADMSG: perfrun1.vtsspp::pwr-config Specify power metrics configuration.
597 [10684] INFO perfrun.launcher <> - the option was added --collect-topology: Collect topology info with hwloc.
597 [10684] INFO perfrun.launcher <> - the option was added --persistent-mem-metrics: Collect Persistent Memory performance counters.
597 [10684] INFO perfrun.launcher <> - the option was added --os-counters: Collect OS counters
607 [10684] INFO perfrun.launcher <> - create msngr2::ICliToolContext
607 [10684] INFO perfrun.launcher <> - create file finder object
608 [10684] INFO perfrun.launcher <> - create a result directory: pattern = C:\Users\bianca.palade\Desktop\HPC\steganografie\steganografie_vtune\r000hs pid = 4294967295
616 [10684] INFO perfrun.launcher <> - create data directory = C:\Users\bianca.palade\Desktop\HPC\steganografie\steganografie_vtune\r000hs\data.0
618 [10684] INFO perfrun.launcher <> - Creating the master collection flag
626 [10684] INFO perfrun.launcher <> - Done creating the master collection flag
626 [1228] INFO perfrun.launcher <> - plugin [remoteplug] was disabled because it doesn't support the given collection type.
626 [1228] INFO perfrun.sdk <> - Allocating TMU :C:\Users\bianca.palade\Desktop\HPC\steganografie\steganografie_vtune\r000hs\data.0\systemcollector-9680-DESKTOP-TFFSL40.sc
627 [1228] INFO perfrun.launcher <> - plugin [] was disabled because it doesn't support the given collection type.
638 [1228] INFO perfrun.launcher <> - plugin [] was disabled because it doesn't support the given collection type.
638 [1228] INFO perfrun.launcher <> - plugin [gpu] was disabled because it doesn't support the given collection type.
638 [1228] INFO perfrun.launcher <> - plugin [etw.kernel] was disabled because it doesn't support the given collection type.
638 [1228] INFO perfrun.launcher <> - plugin [etw.dx] was disabled because it doesn't support the given collection type.
638 [1228] INFO perfrun.launcher <> - plugin [etw.wsa] was disabled because it doesn't support the given collection type.
638 [1228] INFO perfrun.mrte <> - system-wide mode is 0
639 [1228] INFO perfrun.mrte <> - Getting  mrte profiling environment ...
864 [1228] INFO perfrun.mrte <> - INTEL_MRTE_DATA_DIR=C:\Users\bianca.palade\Desktop\HPC\steganografie\steganografie_vtune\r000hs\data.0
864 [1228] INFO perfrun.mrte <> - INTEL_MRTE_HOST_NAME=DESKTOP-TFFSL40
864 [1228] INFO perfrun.mrte <> - JAVA_TOOL_OPTIONS=-agentlib:amplxe_samplingmrte_javaprof_1.0
864 [1228] INFO perfrun.mrte <> - COR_ENABLE_PROFILING=1
864 [1228] INFO perfrun.mrte <> - COR_PROFILER={AA5E4821-E3B1-479c-B7FF-5AD047D22CED}
864 [1228] INFO perfrun.mrte <> - COMPLUS_ProfAPI_ProfilerCompatibilitySetting=EnableV2Profiler
864 [1228] INFO perfrun.mrte <> - CORECLR_ENABLE_PROFILING=1
864 [1228] INFO perfrun.mrte <> - CORECLR_PROFILER={AA5E4821-E3B1-479c-B7FF-5AD047D22CED}
864 [1228] INFO perfrun.mrte <> - CORECLR_PROFILER_PATH=C:\Program Files (x86)\IntelSWTools\VTune Profiler 2020\bin64/amplxe_samplingmrte_clrprof_1.0.dll
864 [1228] INFO perfrun.mrte <> - INTEL_MRTE_PROFILER_MODE=mixed
864 [1228] INFO perfrun.mrte <> - Data directory: C:\Users\bianca.palade\Desktop\HPC\steganografie\steganografie_vtune\r000hs\data.0
864 [1228] INFO perfrun.mrte <> - Mrte plugin is initialized
864 [1228] INFO perfrun.launcher <> - plugin [emon] was disabled because it doesn't support the given collection type.
865 [1228] INFO perfrun.launcher <> - plugin [cuscol] was disabled because it doesn't support the given collection type.
865 [1228] INFO perfrun.launcher <> - plugin [stdsrc] was disabled because it doesn't support the given collection type.
865 [1228] INFO perfrun.sdk <> - runCmd: "C:\Program Files (x86)\IntelSWTools\VTune Profiler 2020\bin64\sep.exe" -dry-run -ec CPU_CLK_UNHALTED.THREAD,CPU_CLK_UNHALTED.REF_TSC:sample:sa=2500000,INST_RETIRED.ANY:sample:sa=2500000,CPU_CLK_UNHALTED.REF_XCLK,CPU_CLK_UNHALTED.ONE_THREAD_ACTIVE,UOPS_RETIRED.RETIRE_SLOTS:sample:sa=2000003,FP_ARITH_INST_RETIRED.SCALAR_SINGLE,FP_ARITH_INST_RETIRED.128B_PACKED_SINGLE,FP_ARITH_INST_RETIRED.256B_PACKED_SINGLE,FP_ARITH_INST_RETIRED.SCALAR_DOUBLE,FP_ARITH_INST_RETIRED.128B_PACKED_DOUBLE,FP_ARITH_INST_RETIRED.256B_PACKED_DOUBLE,UOPS_EXECUTED.X87,UOPS_RETIRED.RETIRE_SLOTS,UOPS_EXECUTED.THREAD -experimental
982 [1228] INFO perfrun.launcher <> - plugin [vtsspp] was disabled because it doesn't support the given collection type.
982 [1228] INFO perfrun.launcher <> - plugin [] was disabled because it doesn't support the given collection type.
982 [1228] INFO perfrun.launcher <> - plugin [aoclprofile] was disabled because it doesn't support the given collection type.
982 [1228] INFO perfrun.tpss <> - initialize tpss controller
982 [1228] INFO perfrun.launcher <> - plugin [tpss] was disabled because it doesn't support the given collection type.
982 [1228] INFO perfrun.launcher <> - plugin [exprof] was disabled because it doesn't support the given collection type.
982 [1228] INFO perfrun.launcher <> - plugin [] was disabled because it doesn't support the given collection type.
982 [1228] INFO perfrun.launcher <> - plugin [] was disabled because it doesn't support the given collection type.
982 [1228] INFO perfrun.launcher <> - plugin [] was disabled because it doesn't support the given collection type.
982 [1228] INFO perfrun.launcher <> - plugin [] was disabled because it doesn't support the given collection type.
982 [1228] INFO perfrun.launcher <> - plugin [] was disabled because it doesn't support the given collection type.
982 [1228] INFO perfrun.launcher <> - plugin [power] was disabled because it doesn't support the given collection type.
982 [1228] INFO perfrun.launcher <> - plugin [hwloc] was disabled because it doesn't support the given collection type.
982 [1228] INFO perfrun.launcher <> - plugin [ipmwatch] was disabled because it doesn't support the given collection type.
982 [1228] INFO perfrun.launcher <> - plugin [os_counters] was disabled because it doesn't support the given collection type.
982 [10684] INFO perfrun.launcher <> - set environment variable: PATH = C:\Program Files (x86)\IntelSWTools\VTune Profiler 2020\bin32\runtime;C:\Program Files (x86)\IntelSWTools\VTune Profiler 2020\bin64\runtime;C:\Program Files\Microsoft MPI\Bin\;C:\Program Files\NVIDIA GPU Computing Toolkit\CUDA\v8.0\bin;C:\Program Files\NVIDIA GPU Computing Toolkit\CUDA\v8.0\libnvvp;C:\Windows\system32;C:\Windows;C:\Windows\System32\Wbem;C:\Windows\System32\WindowsPowerShell\v1.0\;C:\Windows\System32\OpenSSH\;C:\Program Files (x86)\NVIDIA Corporation\PhysX\Common;C:\Program Files\NVIDIA Corporation\NVIDIA NvDLISR;C:\Program Files\Microsoft SQL Server\110\Tools\Binn\;C:\Program Files (x86)\Microsoft SDKs\TypeScript\1.0\;C:\Program Files\Microsoft SQL Server\120\Tools\Binn\;C:\opencv\build\x64\vc12\bin;C:\Program Files\dotnet\;C:\Program Files\Microsoft SQL Server\130\Tools\Binn\;C:\Program Files\Microsoft SQL Server\Client SDK\ODBC\170\Tools\Binn\;C:\Program Files\Git\cmd;C:\Users\bianca.palade\AppData\Local\Microsoft\WindowsApps;C:\Users\bianca.palade\.dotnet\tools;C:\Users\bianca.palade\AppData\Local\GitHubDesktop\bin
983 [10684] INFO perfrun.launcher <> - set environment variable: INTEL_LIBITTNOTIFY32 = C:\Program Files (x86)\IntelSWTools\VTune Profiler 2020\bin32\runtime\ittnotify_collector.dll
983 [10684] INFO perfrun.launcher <> - set environment variable: INTEL_LIBITTNOTIFY64 = C:\Program Files (x86)\IntelSWTools\VTune Profiler 2020\bin64\runtime\ittnotify_collector.dll
983 [10684] INFO perfrun.launcher <> - set environment variable: INTEL_ITTNOTIFY_GROUPS = 
984 [10684] INFO perfrun.launcher <> - set environment variable: INTEL_JIT_PROFILER32 = C:\Program Files (x86)\IntelSWTools\VTune Profiler 2020\bin32\runtime\ittnotify_collector.dll
984 [10684] INFO perfrun.launcher <> - set environment variable: INTEL_JIT_PROFILER64 = C:\Program Files (x86)\IntelSWTools\VTune Profiler 2020\bin64\runtime\ittnotify_collector.dll
984 [10684] INFO perfrun.launcher <> - set environment variable: VS_PROFILER = ittnotify_collector.dll
984 [10684] INFO perfrun.launcher <> - set environment variable: OMP_TOOL_LIBRARIES = C:\Program Files (x86)\IntelSWTools\VTune Profiler 2020\bin32\runtime\ittnotify_collector.dll;C:\Program Files (x86)\IntelSWTools\VTune Profiler 2020\bin64\runtime\ittnotify_collector.dll
984 [10684] INFO perfrun.launcher <> - set environment variable: ENABLE_JITPROFILING = 1
985 [10684] INFO perfrun.launcher <> - set environment variable: CL_CONFIG_USE_VTUNE = True
985 [10684] INFO perfrun.launcher <> - set environment variable: KMP_FORKJOIN_FRAMES = 0
985 [10684] INFO perfrun.launcher <> - set environment variable: KMP_FORKJOIN_FRAMES_MODE = 0
985 [10684] INFO perfrun.launcher <> - set environment variable: OMP_TOOL = disabled
985 [10684] INFO perfrun.launcher <> - set environment variable: INTEL_MRTE_DATA_DIR = C:\Users\bianca.palade\Desktop\HPC\steganografie\steganografie_vtune\r000hs\data.0
985 [10684] INFO perfrun.launcher <> - set environment variable: INTEL_MRTE_HOST_NAME = DESKTOP-TFFSL40
985 [10684] INFO perfrun.launcher <> - set environment variable: JAVA_TOOL_OPTIONS = -agentlib:amplxe_samplingmrte_javaprof_1.0
986 [10684] INFO perfrun.launcher <> - set environment variable: COR_ENABLE_PROFILING = 1
986 [10684] INFO perfrun.launcher <> - set environment variable: COR_PROFILER = {AA5E4821-E3B1-479c-B7FF-5AD047D22CED}
986 [10684] INFO perfrun.launcher <> - set environment variable: COMPLUS_ProfAPI_ProfilerCompatibilitySetting = EnableV2Profiler
986 [10684] INFO perfrun.launcher <> - set environment variable: CORECLR_ENABLE_PROFILING = 1
986 [10684] INFO perfrun.launcher <> - set environment variable: CORECLR_PROFILER = {AA5E4821-E3B1-479c-B7FF-5AD047D22CED}
986 [10684] INFO perfrun.launcher <> - set environment variable: CORECLR_PROFILER_PATH = C:\Program Files (x86)\IntelSWTools\VTune Profiler 2020\bin64/amplxe_samplingmrte_clrprof_1.0.dll
986 [10684] INFO perfrun.launcher <> - set environment variable: INTEL_MRTE_PROFILER_MODE = mixed
987 [10684] INFO perfrun.launcher <> - RpcServer: run RPC server to handle requests
3012 [10684] INFO perfrun.sdk <> - IProcessUtil: the given executable 'C:\Users\bianca.palade\Documents\Visual Studio 2019\Code Snippets\Visual C++\My Code Snippets\HPC_stegano\x64\Debug\HPC_stegano.exe' is valid.
3012 [10684] INFO perfrun.launcher <> - Launcher: command line to start before modification = C:\Users\bianca.palade\Documents\Visual Studio 2019\Code Snippets\Visual C++\My Code Snippets\HPC_stegano\x64\Debug\HPC_stegano.exe
3013 [10684] INFO perfrun.launcher <> - Launcher: command line to start after modification = C:\Users\bianca.palade\Documents\Visual Studio 2019\Code Snippets\Visual C++\My Code Snippets\HPC_stegano\x64\Debug\HPC_stegano.exe
3014 [10684] INFO perfrun.launcher <> - ProcessCreator object was created
3034 [10684] INFO perfrun.launcher <> - Launcher: the process was started in suspend mode
3163 [1228] INFO perfrun.itt <> - start itt controller for pid #9544
3164 [1228] INFO perfrun.sepdk <> - called: "C:\Program Files (x86)\IntelSWTools\VTune Profiler 2020\bin64\sep.exe" -start -experimental -uem timer=10 -em trigger=CPU_CLK_UNHALTED.REF_TSC factor=5 -ebc -out "C:\Users\bianca.palade\Desktop\HPC\steganografie\steganografie_vtune\r000hs\data.0\sep4cc.20201208T140656.500803" -ec INST_RETIRED.ANY:sample:sa=2500000,CPU_CLK_UNHALTED.THREAD,CPU_CLK_UNHALTED.REF_TSC:sample:sa=2500000,CPU_CLK_UNHALTED.REF_XCLK,CPU_CLK_UNHALTED.ONE_THREAD_ACTIVE,UOPS_RETIRED.RETIRE_SLOTS:sample:sa=2000003,FP_ARITH_INST_RETIRED.SCALAR_SINGLE,FP_ARITH_INST_RETIRED.128B_PACKED_SINGLE,FP_ARITH_INST_RETIRED.256B_PACKED_SINGLE,FP_ARITH_INST_RETIRED.SCALAR_DOUBLE,FP_ARITH_INST_RETIRED.128B_PACKED_DOUBLE,FP_ARITH_INST_RETIRED.256B_PACKED_DOUBLE,UOPS_EXECUTED.X87,UOPS_EXECUTED.THREAD, -d 0 -uem factor=10
3164 [1228] INFO perfrun.sdk <> - runCmd: "C:\Program Files (x86)\IntelSWTools\VTune Profiler 2020\bin64\sep.exe" -start -experimental -uem timer=10 -em trigger=CPU_CLK_UNHALTED.REF_TSC factor=5 -ebc -out "C:\Users\bianca.palade\Desktop\HPC\steganografie\steganografie_vtune\r000hs\data.0\sep4cc.20201208T140656.500803" -ec INST_RETIRED.ANY:sample:sa=2500000,CPU_CLK_UNHALTED.THREAD,CPU_CLK_UNHALTED.REF_TSC:sample:sa=2500000,CPU_CLK_UNHALTED.REF_XCLK,CPU_CLK_UNHALTED.ONE_THREAD_ACTIVE,UOPS_RETIRED.RETIRE_SLOTS:sample:sa=2000003,FP_ARITH_INST_RETIRED.SCALAR_SINGLE,FP_ARITH_INST_RETIRED.128B_PACKED_SINGLE,FP_ARITH_INST_RETIRED.256B_PACKED_SINGLE,FP_ARITH_INST_RETIRED.SCALAR_DOUBLE,FP_ARITH_INST_RETIRED.128B_PACKED_DOUBLE,FP_ARITH_INST_RETIRED.256B_PACKED_DOUBLE,UOPS_EXECUTED.X87,UOPS_EXECUTED.THREAD, -d 0 -uem factor=10
4716 [10684] INFO perfrun.launcher <> - Launcher: all plugins were started
4716 [10684] INFO perfrun.launcher <> - DirectoryMonitor object was created
4722 [10684] INFO perfrun.launcher <> - DirectoryMonitor: a callback was added
4722 [10684] INFO perfrun.launcher <> - DirectoryMonitor was started with pingTime = 1000
4723 [10684] INFO perfrun.launcher <> - DeadlineTimer is going to be constructed
4724 [10684] INFO perfrun.launcher <> - DeadlineTimer: a callback was added
4755 [10684] INFO perfrun.launcher <> - Launcher: resume the profiled application and  wait its termination or stop command
12641 [10684] WARN perfrun.sdk <> - Unexpected exit status - 1, at file: C:\BB\INNLphep2w6r\b\tmpsowpf5\vcs\perfrun1\sdk\src\utils_win.cpp:559
12641 [10684] INFO perfrun.launcher <> - Launcher: the profiled application was terminated  with exit code = 1
12667 [1228] INFO perfrun.itt <> - stop itt controller
12667 [1228] INFO perfrun.itt <> - detach itt controller
12668 [1228] INFO perfrun.sdk <> - runCmd: "C:\Program Files (x86)\IntelSWTools\VTune Profiler 2020\bin64\sep.exe" -stop
13799 [1228] INFO perfrun.sepdk <> - Sampling successfully stopped.

13799 [1228] INFO perfrun.sdk <> - De-allocating TMU: C:\Users\bianca.palade\Desktop\HPC\steganografie\steganografie_vtune\r000hs\data.0\systemcollector-9680-DESKTOP-TFFSL40.sc
13831 [1228] INFO perfrun.system <> - closed the system trace file: C:\Users\bianca.palade\Desktop\HPC\steganografie\steganografie_vtune\r000hs\data.0\systemcollector-9680-DESKTOP-TFFSL40.sc
13831 [10684] INFO perfrun.launcher <> - Launcher: all plugins were stopped.
13832 [10684] INFO perfrun.launcher <> - DeadlineTimer is going to be destroyed
13832 [10684] INFO perfrun.launcher <> - DeadlineTimer was destroyed
13832 [10684] INFO perfrun.launcher <> - DirectoryMonitor object was destroyed
13832 [10684] WARN perfrun.launcher <> - Stop command is ignored because it is received when collection is already stopped, at file: C:\BB\INNLphep2w6r\b\tmpsowpf5\vcs\perfrun1\launcher\src\command_handler.cpp:212
13835 [10684] INFO perfrun.launcher <> - Application exit code: 1
13835 [10684] INFO perfrun.launcher <> - Exit code: 4
